2024-12-10 19:50:56,596 - 127.0.0.1 - - [10/Dec/2024 19:50:56] "[32mPOST /welcome HTTP/1.1[0m" 302 -
2024-12-10 19:50:56,598 - 
--- Starting CSP ---

2024-12-10 19:50:56,599 - --- Starting CSP Scheduling ---
2024-12-10 19:50:56,599 - Scheduling Course: Advanced Data Analytics | Remaining Instances: 2
2024-12-10 19:50:56,599 - Scheduled: Advanced Data Analytics | Day: Monday | Timeslot: 2 PM | Room: Room 1 | Teacher: Mr. A
2024-12-10 19:50:56,599 - Scheduling Course: Advanced Data Analytics | Remaining Instances: 1
2024-12-10 19:50:56,600 - Scheduled: Advanced Data Analytics | Day: Wednesday | Timeslot: 6 PM | Room: Room 1 | Teacher: Mr. A
2024-12-10 19:50:56,600 - Scheduling Course: Artificial Intelligence | Remaining Instances: 2
2024-12-10 19:50:56,600 - Scheduled: Artificial Intelligence | Day: Thursday | Timeslot: 9 AM | Room: Room 1 | Teacher: Mr. A
2024-12-10 19:50:56,600 - Scheduling Course: Artificial Intelligence | Remaining Instances: 1
2024-12-10 19:50:56,600 - Scheduled: Artificial Intelligence | Day: Thursday | Timeslot: 11 AM | Room: Room 1 | Teacher: Mr. A
2024-12-10 19:50:56,600 - Scheduling Course: Computational Logic | Remaining Instances: 2
2024-12-10 19:50:56,600 - Scheduled: Computational Logic | Day: Wednesday | Timeslot: 1 PM | Room: Room 3 | Teacher: Ms. B
2024-12-10 19:50:56,600 - Scheduling Course: Computational Logic | Remaining Instances: 1
2024-12-10 19:50:56,600 - Scheduled: Computational Logic | Day: Wednesday | Timeslot: 3 PM | Room: Room 3 | Teacher: Ms. B
2024-12-10 19:50:56,600 - Scheduling Course: Computer Science | Remaining Instances: 2
2024-12-10 19:50:56,600 - Scheduled: Computer Science | Day: Thursday | Timeslot: 3 PM | Room: Room 1 | Teacher: Mr. C
2024-12-10 19:50:56,600 - Scheduling Course: Computer Science | Remaining Instances: 1
2024-12-10 19:50:56,601 - Scheduled: Computer Science | Day: Tuesday | Timeslot: 2 PM | Room: Room 1 | Teacher: Mr. C
2024-12-10 19:50:56,601 - Scheduling Course: Cyber Security | Remaining Instances: 2
2024-12-10 19:50:56,601 - Scheduled: Cyber Security | Day: Wednesday | Timeslot: 4 PM | Room: Room 1 | Teacher: Mr. C
2024-12-10 19:50:56,601 - Scheduling Course: Cyber Security | Remaining Instances: 1
2024-12-10 19:50:56,601 - Scheduled: Cyber Security | Day: Monday | Timeslot: 12 PM | Room: Room 1 | Teacher: Mr. C
2024-12-10 19:50:56,601 - Scheduling Course: Data Science | Remaining Instances: 2
2024-12-10 19:50:56,601 - Scheduled: Data Science | Day: Monday | Timeslot: 1 PM | Room: Room 2 | Teacher: Ms. D
2024-12-10 19:50:56,601 - Scheduling Course: Data Science | Remaining Instances: 1
2024-12-10 19:50:56,601 - Scheduled: Data Science | Day: Monday | Timeslot: 10 AM | Room: Room 2 | Teacher: Ms. D
2024-12-10 19:50:56,601 - Scheduling Course: Data Mining & Machine Learning | Remaining Instances: 2
2024-12-10 19:50:56,601 - Scheduled: Data Mining & Machine Learning | Day: Tuesday | Timeslot: 10 AM | Room: Room 2 | Teacher: Ms. D
2024-12-10 19:50:56,601 - Scheduling Course: Data Mining & Machine Learning | Remaining Instances: 1
2024-12-10 19:50:56,601 - Scheduled: Data Mining & Machine Learning | Day: Tuesday | Timeslot: 4 PM | Room: Room 2 | Teacher: Ms. D
2024-12-10 19:50:56,601 - Scheduling Course: Big Data Analytics | Remaining Instances: 2
2024-12-10 19:50:56,602 - Scheduled: Big Data Analytics | Day: Friday | Timeslot: 3 PM | Room: Room 1 | Teacher: Mr. E
2024-12-10 19:50:56,602 - Scheduling Course: Big Data Analytics | Remaining Instances: 1
2024-12-10 19:50:56,602 - Scheduled: Big Data Analytics | Day: Wednesday | Timeslot: 2 PM | Room: Room 1 | Teacher: Mr. E
2024-12-10 19:50:56,602 - Scheduling Course: Heuristic Search | Remaining Instances: 2
2024-12-10 19:50:56,602 - Scheduled: Heuristic Search | Day: Monday | Timeslot: 5 PM | Room: Room 4 | Teacher: Mr. E
2024-12-10 19:50:56,602 - Scheduling Course: Heuristic Search | Remaining Instances: 1
2024-12-10 19:50:56,602 - Scheduled: Heuristic Search | Day: Monday | Timeslot: 2 PM | Room: Room 4 | Teacher: Mr. E
2024-12-10 19:50:56,602 - Scheduling Course: Computer Graphics | Remaining Instances: 2
2024-12-10 19:50:56,602 - Scheduled: Computer Graphics | Day: Tuesday | Timeslot: 4 PM | Room: Room 1 | Teacher: Mr. F
2024-12-10 19:50:56,602 - Scheduling Course: Computer Graphics | Remaining Instances: 1
2024-12-10 19:50:56,602 - Constraint Violated: Room Conflict for Computer Graphics at 2 PM on Tuesday in Room 1
2024-12-10 19:50:56,603 - Scheduled: Computer Graphics | Day: Tuesday | Timeslot: 2 PM | Room: Room 3 | Teacher: Mr. F
2024-12-10 19:50:56,603 - Scheduling Course: Computer Networks | Remaining Instances: 2
2024-12-10 19:50:56,603 - Scheduled: Computer Networks | Day: Thursday | Timeslot: 3 PM | Room: Room 2 | Teacher: Mr. F
2024-12-10 19:50:56,603 - Scheduling Course: Computer Networks | Remaining Instances: 1
2024-12-10 19:50:56,603 - Scheduled: Computer Networks | Day: Monday | Timeslot: 12 PM | Room: Room 2 | Teacher: Mr. F
2024-12-10 19:50:56,603 - Scheduling Course: Natural Language Processing | Remaining Instances: 2
2024-12-10 19:50:56,603 - Scheduled: Natural Language Processing | Day: Tuesday | Timeslot: 11 AM | Room: Room 5 | Teacher: Mr. G
2024-12-10 19:50:56,603 - Scheduling Course: Natural Language Processing | Remaining Instances: 1
2024-12-10 19:50:56,603 - Scheduled: Natural Language Processing | Day: Tuesday | Timeslot: 2 PM | Room: Room 5 | Teacher: Mr. G
2024-12-10 19:50:56,603 - Scheduling Course: Reinforcement Learning | Remaining Instances: 2
2024-12-10 19:50:56,604 - Scheduled: Reinforcement Learning | Day: Friday | Timeslot: 12 PM | Room: Room 1 | Teacher: Mr. F
2024-12-10 19:50:56,604 - Scheduling Course: Reinforcement Learning | Remaining Instances: 1
2024-12-10 19:50:56,604 - Constraint Violated: Consecutive Classes for Mr. F on Friday
2024-12-10 19:50:56,604 - Constraint Violated: Consecutive Classes for Mr. F on Friday
2024-12-10 19:50:56,604 - Scheduled: Reinforcement Learning | Day: Friday | Timeslot: 6 PM | Room: Room 1 | Teacher: Mr. F
2024-12-10 19:50:56,604 - Scheduling Course: Ethical Hacking | Remaining Instances: 2
2024-12-10 19:50:56,604 - Scheduled: Ethical Hacking | Day: Monday | Timeslot: 5 PM | Room: Room 6 | Teacher: Ms. H
2024-12-10 19:50:56,604 - Scheduling Course: Ethical Hacking | Remaining Instances: 1
2024-12-10 19:50:56,604 - Constraint Violated: Duplicate Entry for Ethical Hacking at 5 PM on Monday in Room 6
2024-12-10 19:50:56,604 - Constraint Violated: Consecutive Classes for Ms. H on Monday
2024-12-10 19:50:56,605 - Scheduled: Ethical Hacking | Day: Monday | Timeslot: 10 AM | Room: Room 6 | Teacher: Ms. H
2024-12-10 19:50:56,605 - Scheduling Course: Compiler Design | Remaining Instances: 2
2024-12-10 19:50:56,605 - Scheduled: Compiler Design | Day: Tuesday | Timeslot: 4 PM | Room: Room 4 | Teacher: Mr. I
2024-12-10 19:50:56,605 - Scheduling Course: Compiler Design | Remaining Instances: 1
2024-12-10 19:50:56,605 - Constraint Violated: Consecutive Classes for Mr. I on Tuesday
2024-12-10 19:50:56,605 - Constraint Violated: Consecutive Classes for Mr. I on Tuesday
2024-12-10 19:50:56,605 - Constraint Violated: Duplicate Entry for Compiler Design at 4 PM on Tuesday in Room 4
2024-12-10 19:50:56,605 - Constraint Violated: Teacher Conflict for Mr. I at 4 PM on Tuesday
2024-12-10 19:50:56,605 - Scheduled: Compiler Design | Day: Tuesday | Timeslot: 9 AM | Room: Room 4 | Teacher: Mr. I
2024-12-10 19:50:56,605 - Scheduling Course: Compiler Desi | Remaining Instances: 2
2024-12-10 19:50:56,606 - Scheduled: Compiler Desi | Day: Wednesday | Timeslot: 9 AM | Room: Room 4 | Teacher: Mr. I
2024-12-10 19:50:56,606 - Scheduling Course: Compiler Desi | Remaining Instances: 1
2024-12-10 19:50:56,606 - Scheduled: Compiler Desi | Day: Wednesday | Timeslot: 11 AM | Room: Room 4 | Teacher: Mr. I
2024-12-10 19:50:56,606 - Scheduling Course: Compiler Des | Remaining Instances: 2
2024-12-10 19:50:56,606 - Scheduled: Compiler Des | Day: Friday | Timeslot: 6 PM | Room: Room 4 | Teacher: Ms. J
2024-12-10 19:50:56,606 - Scheduling Course: Compiler Des | Remaining Instances: 1
2024-12-10 19:50:56,606 - Scheduled: Compiler Des | Day: Friday | Timeslot: 12 PM | Room: Room 4 | Teacher: Ms. J
2024-12-10 19:50:56,606 - Scheduling Course: Compiler De | Remaining Instances: 2
2024-12-10 19:50:56,606 - Scheduled: Compiler De | Day: Tuesday | Timeslot: 2 PM | Room: Room 4 | Teacher: Ms. L
2024-12-10 19:50:56,606 - Scheduling Course: Compiler De | Remaining Instances: 1
2024-12-10 19:50:56,606 - Scheduled: Compiler De | Day: Thursday | Timeslot: 1 PM | Room: Room 4 | Teacher: Ms. L
2024-12-10 19:50:56,606 - Scheduling Course: Compiler D | Remaining Instances: 2
2024-12-10 19:50:56,607 - Scheduled: Compiler D | Day: Wednesday | Timeslot: 3 PM | Room: Room 4 | Teacher: Mr. M
2024-12-10 19:50:56,607 - Scheduling Course: Compiler D | Remaining Instances: 1
2024-12-10 19:50:56,607 - Scheduled: Compiler D | Day: Monday | Timeslot: 1 PM | Room: Room 4 | Teacher: Mr. M
2024-12-10 19:50:56,607 - Scheduling Course: Compilers | Remaining Instances: 2
2024-12-10 19:50:56,607 - Scheduled: Compilers | Day: Tuesday | Timeslot: 12 PM | Room: Room 4 | Teacher: Mr. I
2024-12-10 19:50:56,607 - Scheduling Course: Compilers | Remaining Instances: 1
2024-12-10 19:50:56,607 - Scheduled: Compilers | Day: Thursday | Timeslot: 9 AM | Room: Room 4 | Teacher: Mr. I
2024-12-10 19:50:56,607 - Scheduling Course: Compi | Remaining Instances: 2
2024-12-10 19:50:56,607 - Scheduled: Compi | Day: Friday | Timeslot: 2 PM | Room: Room 4 | Teacher: Ms. N
2024-12-10 19:50:56,607 - Scheduling Course: Compi | Remaining Instances: 1
2024-12-10 19:50:56,607 - Constraint Violated: Consecutive Classes for Ms. N on Friday
2024-12-10 19:50:56,607 - Constraint Violated: Consecutive Classes for Ms. N on Friday
2024-12-10 19:50:56,607 - Scheduled: Compi | Day: Friday | Timeslot: 9 AM | Room: Room 4 | Teacher: Ms. N
2024-12-10 19:50:56,607 - Scheduling Course: Com | Remaining Instances: 2
2024-12-10 19:50:56,608 - Scheduled: Com | Day: Monday | Timeslot: 9 AM | Room: Room 4 | Teacher: Ms. P
2024-12-10 19:50:56,608 - Scheduling Course: Com | Remaining Instances: 1
2024-12-10 19:50:56,608 - Scheduled: Com | Day: Monday | Timeslot: 11 AM | Room: Room 4 | Teacher: Ms. P
2024-12-10 19:50:56,608 - Scheduling Course: Kuladeep | Remaining Instances: 2
2024-12-10 19:50:56,608 - Constraint Violated: Room Conflict for Kuladeep at 2 PM on Friday in Room 4
2024-12-10 19:50:56,608 - Scheduled: Kuladeep | Day: Friday | Timeslot: 2 PM | Room: Room 7 | Teacher: Mr. O
2024-12-10 19:50:56,608 - Scheduling Course: Kuladeep | Remaining Instances: 1
2024-12-10 19:50:56,608 - Scheduled: Kuladeep | Day: Friday | Timeslot: 4 PM | Room: Room 4 | Teacher: Mr. O
2024-12-10 19:50:56,608 - Scheduling Course: Kuladeep | Remaining Instances: 0
2024-12-10 19:50:56,608 - Scheduling Course: Kuladeep | Remaining Instances: 0
2024-12-10 19:50:56,608 - Scheduling Course: Kuladeep | Remaining Instances: 0
2024-12-10 19:50:56,608 - Scheduling Course: Kuladeep | Remaining Instances: 0
2024-12-10 19:50:56,608 - Scheduling Course: Kuladeep | Remaining Instances: 0
2024-12-10 19:50:56,608 - Scheduling Course: Kuladeep | Remaining Instances: 0
2024-12-10 19:50:56,608 - All courses have been successfully scheduled.
2024-12-10 19:50:56,608 - Final Timetable Configuration (CSP):
2024-12-10 19:50:56,608 - Course: Advanced Data Analytics, Room: Room 1, Teacher: Mr. A, Timeslot: 2 PM, Day: Monday
2024-12-10 19:50:56,608 - Course: Advanced Data Analytics, Room: Room 1, Teacher: Mr. A, Timeslot: 6 PM, Day: Wednesday
2024-12-10 19:50:56,608 - Course: Artificial Intelligence, Room: Room 1, Teacher: Mr. A, Timeslot: 9 AM, Day: Thursday
2024-12-10 19:50:56,609 - Course: Artificial Intelligence, Room: Room 1, Teacher: Mr. A, Timeslot: 11 AM, Day: Thursday
2024-12-10 19:50:56,609 - Course: Computational Logic, Room: Room 3, Teacher: Ms. B, Timeslot: 1 PM, Day: Wednesday
2024-12-10 19:50:56,609 - Course: Computational Logic, Room: Room 3, Teacher: Ms. B, Timeslot: 3 PM, Day: Wednesday
2024-12-10 19:50:56,609 - Course: Computer Science, Room: Room 1, Teacher: Mr. C, Timeslot: 3 PM, Day: Thursday
2024-12-10 19:50:56,609 - Course: Computer Science, Room: Room 1, Teacher: Mr. C, Timeslot: 2 PM, Day: Tuesday
2024-12-10 19:50:56,609 - Course: Cyber Security, Room: Room 1, Teacher: Mr. C, Timeslot: 4 PM, Day: Wednesday
2024-12-10 19:50:56,609 - Course: Cyber Security, Room: Room 1, Teacher: Mr. C, Timeslot: 12 PM, Day: Monday
2024-12-10 19:50:56,609 - Course: Data Science, Room: Room 2, Teacher: Ms. D, Timeslot: 1 PM, Day: Monday
2024-12-10 19:50:56,609 - Course: Data Science, Room: Room 2, Teacher: Ms. D, Timeslot: 10 AM, Day: Monday
2024-12-10 19:50:56,609 - Course: Data Mining & Machine Learning, Room: Room 2, Teacher: Ms. D, Timeslot: 10 AM, Day: Tuesday
2024-12-10 19:50:56,609 - Course: Data Mining & Machine Learning, Room: Room 2, Teacher: Ms. D, Timeslot: 4 PM, Day: Tuesday
2024-12-10 19:50:56,609 - Course: Big Data Analytics, Room: Room 1, Teacher: Mr. E, Timeslot: 3 PM, Day: Friday
2024-12-10 19:50:56,609 - Course: Big Data Analytics, Room: Room 1, Teacher: Mr. E, Timeslot: 2 PM, Day: Wednesday
2024-12-10 19:50:56,609 - Course: Heuristic Search, Room: Room 4, Teacher: Mr. E, Timeslot: 5 PM, Day: Monday
2024-12-10 19:50:56,609 - Course: Heuristic Search, Room: Room 4, Teacher: Mr. E, Timeslot: 2 PM, Day: Monday
2024-12-10 19:50:56,609 - Course: Computer Graphics, Room: Room 1, Teacher: Mr. F, Timeslot: 4 PM, Day: Tuesday
2024-12-10 19:50:56,609 - Course: Computer Graphics, Room: Room 3, Teacher: Mr. F, Timeslot: 2 PM, Day: Tuesday
2024-12-10 19:50:56,609 - Course: Computer Networks, Room: Room 2, Teacher: Mr. F, Timeslot: 3 PM, Day: Thursday
2024-12-10 19:50:56,609 - Course: Computer Networks, Room: Room 2, Teacher: Mr. F, Timeslot: 12 PM, Day: Monday
2024-12-10 19:50:56,609 - Course: Natural Language Processing, Room: Room 5, Teacher: Mr. G, Timeslot: 11 AM, Day: Tuesday
2024-12-10 19:50:56,609 - Course: Natural Language Processing, Room: Room 5, Teacher: Mr. G, Timeslot: 2 PM, Day: Tuesday
2024-12-10 19:50:56,609 - Course: Reinforcement Learning, Room: Room 1, Teacher: Mr. F, Timeslot: 12 PM, Day: Friday
2024-12-10 19:50:56,609 - Course: Reinforcement Learning, Room: Room 1, Teacher: Mr. F, Timeslot: 6 PM, Day: Friday
2024-12-10 19:50:56,609 - Course: Ethical Hacking, Room: Room 6, Teacher: Ms. H, Timeslot: 5 PM, Day: Monday
2024-12-10 19:50:56,609 - Course: Ethical Hacking, Room: Room 6, Teacher: Ms. H, Timeslot: 10 AM, Day: Monday
2024-12-10 19:50:56,609 - Course: Compiler Design, Room: Room 4, Teacher: Mr. I, Timeslot: 4 PM, Day: Tuesday
2024-12-10 19:50:56,609 - Course: Compiler Design, Room: Room 4, Teacher: Mr. I, Timeslot: 9 AM, Day: Tuesday
2024-12-10 19:50:56,609 - Course: Compiler Desi, Room: Room 4, Teacher: Mr. I, Timeslot: 9 AM, Day: Wednesday
2024-12-10 19:50:56,609 - Course: Compiler Desi, Room: Room 4, Teacher: Mr. I, Timeslot: 11 AM, Day: Wednesday
2024-12-10 19:50:56,609 - Course: Compiler Des, Room: Room 4, Teacher: Ms. J, Timeslot: 6 PM, Day: Friday
2024-12-10 19:50:56,609 - Course: Compiler Des, Room: Room 4, Teacher: Ms. J, Timeslot: 12 PM, Day: Friday
2024-12-10 19:50:56,609 - Course: Compiler De, Room: Room 4, Teacher: Ms. L, Timeslot: 2 PM, Day: Tuesday
2024-12-10 19:50:56,609 - Course: Compiler De, Room: Room 4, Teacher: Ms. L, Timeslot: 1 PM, Day: Thursday
2024-12-10 19:50:56,609 - Course: Compiler D, Room: Room 4, Teacher: Mr. M, Timeslot: 3 PM, Day: Wednesday
2024-12-10 19:50:56,609 - Course: Compiler D, Room: Room 4, Teacher: Mr. M, Timeslot: 1 PM, Day: Monday
2024-12-10 19:50:56,609 - Course: Compilers, Room: Room 4, Teacher: Mr. I, Timeslot: 12 PM, Day: Tuesday
2024-12-10 19:50:56,609 - Course: Compilers, Room: Room 4, Teacher: Mr. I, Timeslot: 9 AM, Day: Thursday
2024-12-10 19:50:56,610 - Course: Compi, Room: Room 4, Teacher: Ms. N, Timeslot: 2 PM, Day: Friday
2024-12-10 19:50:56,610 - Course: Compi, Room: Room 4, Teacher: Ms. N, Timeslot: 9 AM, Day: Friday
2024-12-10 19:50:56,610 - Course: Com, Room: Room 4, Teacher: Ms. P, Timeslot: 9 AM, Day: Monday
2024-12-10 19:50:56,610 - Course: Com, Room: Room 4, Teacher: Ms. P, Timeslot: 11 AM, Day: Monday
2024-12-10 19:50:56,610 - Course: Kuladeep, Room: Room 7, Teacher: Mr. O, Timeslot: 2 PM, Day: Friday
2024-12-10 19:50:56,610 - Course: Kuladeep, Room: Room 4, Teacher: Mr. O, Timeslot: 4 PM, Day: Friday
2024-12-10 19:50:56,610 - Total Time Elapsed: 0.01 seconds
2024-12-10 19:50:56,610 - --- CSP Ended ---
Time Taken: 0.01 seconds
2024-12-10 19:50:56,619 - 127.0.0.1 - - [10/Dec/2024 19:50:56] "GET /results?algorithm=1 HTTP/1.1" 200 -
