All Algorithms - Final Comparison Results

Genetic Algorithm - Final Results
Best Fitness: 98.87499999999999
Time Taken: 1.36 seconds
Best Timetable Configuration:
Course: Advanced Data Analytics, Room: Room 6, Teacher: Mr. A, Timeslot: 10 AM, Day: Monday
Course: Advanced Data Analytics, Room: Room 7, Teacher: Mr. A, Timeslot: 10 AM, Day: Friday
Course: Artificial Intelligence, Room: Room 4, Teacher: Mr. A, Timeslot: 10 AM, Day: Friday
Course: Artificial Intelligence, Room: Room 4, Teacher: Mr. A, Timeslot: 9 AM, Day: Wednesday
Course: Computational Logic, Room: Room 3, Teacher: Ms. B, Timeslot: 12 PM, Day: Tuesday
Course: Computational Logic, Room: Room 6, Teacher: Ms. B, Timeslot: 12 PM, Day: Tuesday
Course: Computer Science, Room: Room 2, Teacher: Mr. C, Timeslot: 12 PM, Day: Wednesday
Course: Computer Science, Room: Room 6, Teacher: Mr. C, Timeslot: 2 PM, Day: Wednesday
Course: Cyber Security, Room: Room 7, Teacher: Mr. C, Timeslot: 2 PM, Day: Wednesday
Course: Cyber Security, Room: Room 5, Teacher: Mr. C, Timeslot: 1 PM, Day: Wednesday
Course: Data Science, Room: Room 1, Teacher: Ms. D, Timeslot: 1 PM, Day: Thursday
Course: Data Science, Room: Room 3, Teacher: Ms. D, Timeslot: 1 PM, Day: Tuesday
Course: Data Mining & Machine Learning, Room: Room 4, Teacher: Ms. D, Timeslot: 9 AM, Day: Thursday
Course: Data Mining & Machine Learning, Room: Room 5, Teacher: Ms. D, Timeslot: 2 PM, Day: Tuesday
Course: Big Data Analytics, Room: Room 7, Teacher: Mr. E, Timeslot: 11 AM, Day: Friday
Course: Big Data Analytics, Room: Room 6, Teacher: Mr. E, Timeslot: 11 AM, Day: Friday
Course: Heuristic Search, Room: Room 4, Teacher: Mr. E, Timeslot: 1 PM, Day: Friday
Course: Heuristic Search, Room: Room 7, Teacher: Mr. E, Timeslot: 11 AM, Day: Friday
Course: Computer Graphics, Room: Room 4, Teacher: Mr. F, Timeslot: 5 PM, Day: Monday
Course: Computer Graphics, Room: Room 4, Teacher: Mr. F, Timeslot: 2 PM, Day: Monday
Course: Computer Networks, Room: Room 6, Teacher: Mr. F, Timeslot: 9 AM, Day: Thursday
Course: Computer Networks, Room: Room 4, Teacher: Mr. F, Timeslot: 2 PM, Day: Thursday
Course: Natural Language Processing, Room: Room 5, Teacher: Mr. G, Timeslot: 1 PM, Day: Tuesday
Course: Natural Language Processing, Room: Room 3, Teacher: Mr. G, Timeslot: 3 PM, Day: Friday
Course: Reinforcement Learning, Room: Room 6, Teacher: Mr. F, Timeslot: 9 AM, Day: Thursday
Course: Reinforcement Learning, Room: Room 5, Teacher: Mr. F, Timeslot: 5 PM, Day: Thursday
Course: Ethical Hacking, Room: Room 7, Teacher: Ms. H, Timeslot: 4 PM, Day: Wednesday
Course: Ethical Hacking, Room: Room 7, Teacher: Ms. H, Timeslot: 10 AM, Day: Wednesday
Course: Compiler Design, Room: Room 4, Teacher: Mr. I, Timeslot: 4 PM, Day: Thursday
Course: Compiler Design, Room: Room 7, Teacher: Mr. I, Timeslot: 3 PM, Day: Monday

A* Algorithm - Final Results
Best Fitness: 91.58928571428572
Time Taken: 0.08 seconds
Best Timetable Configuration:
Course: Advanced Data Analytics, Room: Room 2, Teacher: Mr. A, Timeslot: 11 AM, Day: Wednesday
Course: Advanced Data Analytics, Room: Room 2, Teacher: Mr. A, Timeslot: 12 PM, Day: Friday
Course: Artificial Intelligence, Room: Room 2, Teacher: Mr. A, Timeslot: 10 AM, Day: Wednesday
Course: Artificial Intelligence, Room: Room 1, Teacher: Mr. A, Timeslot: 9 AM, Day: Monday
Course: Computational Logic, Room: Room 3, Teacher: Ms. B, Timeslot: 11 AM, Day: Tuesday
Course: Computational Logic, Room: Room 3, Teacher: Ms. B, Timeslot: 1 PM, Day: Tuesday
Course: Computer Science, Room: Room 1, Teacher: Mr. C, Timeslot: 9 AM, Day: Wednesday
Course: Computer Science, Room: Room 1, Teacher: Mr. C, Timeslot: 2 PM, Day: Monday
Course: Cyber Security, Room: Room 1, Teacher: Mr. C, Timeslot: 2 PM, Day: Monday
Course: Cyber Security, Room: Room 1, Teacher: Mr. C, Timeslot: 9 AM, Day: Wednesday
Course: Data Science, Room: Room 2, Teacher: Ms. D, Timeslot: 2 PM, Day: Thursday
Course: Data Science, Room: Room 2, Teacher: Ms. D, Timeslot: 9 AM, Day: Thursday
Course: Data Mining & Machine Learning, Room: Room 2, Teacher: Ms. D, Timeslot: 1 PM, Day: Tuesday
Course: Data Mining & Machine Learning, Room: Room 2, Teacher: Ms. D, Timeslot: 9 AM, Day: Thursday
Course: Big Data Analytics, Room: Room 1, Teacher: Mr. E, Timeslot: 3 PM, Day: Monday
Course: Big Data Analytics, Room: Room 1, Teacher: Mr. E, Timeslot: 12 PM, Day: Monday
Course: Heuristic Search, Room: Room 4, Teacher: Mr. E, Timeslot: 1 PM, Day: Wednesday
Course: Heuristic Search, Room: Room 4, Teacher: Mr. E, Timeslot: 11 AM, Day: Friday
Course: Computer Graphics, Room: Room 1, Teacher: Mr. F, Timeslot: 12 PM, Day: Monday
Course: Computer Graphics, Room: Room 1, Teacher: Mr. F, Timeslot: 9 AM, Day: Monday
Course: Computer Networks, Room: Room 2, Teacher: Mr. F, Timeslot: 5 PM, Day: Thursday
Course: Computer Networks, Room: Room 2, Teacher: Mr. F, Timeslot: 9 AM, Day: Thursday
Course: Natural Language Processing, Room: Room 5, Teacher: Mr. G, Timeslot: 10 AM, Day: Friday
Course: Natural Language Processing, Room: Room 5, Teacher: Mr. G, Timeslot: 1 PM, Day: Tuesday
Course: Reinforcement Learning, Room: Room 3, Teacher: Mr. F, Timeslot: 12 PM, Day: Monday
Course: Reinforcement Learning, Room: Room 3, Teacher: Mr. F, Timeslot: 5 PM, Day: Thursday
Course: Ethical Hacking, Room: Room 6, Teacher: Ms. H, Timeslot: 4 PM, Day: Wednesday
Course: Ethical Hacking, Room: Room 6, Teacher: Ms. H, Timeslot: 3 PM, Day: Wednesday
Course: Compiler Design, Room: Room 7, Teacher: Mr. I, Timeslot: 4 PM, Day: Monday
Course: Compiler Design, Room: Room 4, Teacher: Mr. I, Timeslot: 3 PM, Day: Thursday

Simulated Annealing - Final Results
Best Fitness: 81.01785714285715
Time Taken: 0.17 seconds
Best Timetable Configuration:
Course: Advanced Data Analytics, Room: Room 2, Teacher: Mr. A, Timeslot: 12 PM, Day: Wednesday
Course: Advanced Data Analytics, Room: Room 2, Teacher: Mr. A, Timeslot: 11 AM, Day: Monday
Course: Artificial Intelligence, Room: Room 1, Teacher: Mr. A, Timeslot: 10 AM, Day: Friday
Course: Artificial Intelligence, Room: Room 1, Teacher: Mr. A, Timeslot: 9 AM, Day: Wednesday
Course: Computational Logic, Room: Room 3, Teacher: Ms. B, Timeslot: 11 AM, Day: Thursday
Course: Computational Logic, Room: Room 3, Teacher: Ms. B, Timeslot: 1 PM, Day: Tuesday
Course: Computer Science, Room: Room 3, Teacher: Mr. C, Timeslot: 1 PM, Day: Monday
Course: Computer Science, Room: Room 3, Teacher: Mr. C, Timeslot: 2 PM, Day: Wednesday
Course: Cyber Security, Room: Room 1, Teacher: Mr. C, Timeslot: 12 PM, Day: Monday
Course: Cyber Security, Room: Room 3, Teacher: Mr. C, Timeslot: 2 PM, Day: Monday
Course: Data Science, Room: Room 2, Teacher: Ms. D, Timeslot: 2 PM, Day: Thursday
Course: Data Science, Room: Room 2, Teacher: Ms. D, Timeslot: 2 PM, Day: Tuesday
Course: Data Mining & Machine Learning, Room: Room 2, Teacher: Ms. D, Timeslot: 2 PM, Day: Tuesday
Course: Data Mining & Machine Learning, Room: Room 2, Teacher: Ms. D, Timeslot: 1 PM, Day: Tuesday
Course: Big Data Analytics, Room: Room 4, Teacher: Mr. E, Timeslot: 11 AM, Day: Wednesday
Course: Big Data Analytics, Room: Room 2, Teacher: Mr. E, Timeslot: 12 PM, Day: Monday
Course: Heuristic Search, Room: Room 4, Teacher: Mr. E, Timeslot: 1 PM, Day: Monday
Course: Heuristic Search, Room: Room 4, Teacher: Mr. E, Timeslot: 3 PM, Day: Wednesday
Course: Computer Graphics, Room: Room 3, Teacher: Mr. F, Timeslot: 9 AM, Day: Monday
Course: Computer Graphics, Room: Room 1, Teacher: Mr. F, Timeslot: 5 PM, Day: Monday
Course: Computer Networks, Room: Room 2, Teacher: Mr. F, Timeslot: 9 AM, Day: Monday
Course: Computer Networks, Room: Room 2, Teacher: Mr. F, Timeslot: 2 PM, Day: Monday
Course: Natural Language Processing, Room: Room 5, Teacher: Mr. G, Timeslot: 10 AM, Day: Friday
Course: Natural Language Processing, Room: Room 6, Teacher: Mr. G, Timeslot: 11 AM, Day: Tuesday
Course: Reinforcement Learning, Room: Room 3, Teacher: Mr. F, Timeslot: 5 PM, Day: Monday
Course: Reinforcement Learning, Room: Room 1, Teacher: Mr. F, Timeslot: 2 PM, Day: Thursday
Course: Ethical Hacking, Room: Room 6, Teacher: Ms. H, Timeslot: 3 PM, Day: Wednesday
Course: Ethical Hacking, Room: Room 6, Teacher: Ms. H, Timeslot: 10 AM, Day: Wednesday
Course: Compiler Design, Room: Room 4, Teacher: Mr. I, Timeslot: 2 PM, Day: Thursday
Course: Compiler Design, Room: Room 7, Teacher: Mr. I, Timeslot: 4 PM, Day: Monday

Hill Climbing - Final Results
Best Fitness: 0
Time Taken: 0.04 seconds
Best Timetable Configuration:
Course: Advanced Data Analytics, Room: Room 4, Teacher: Mr. A, Timeslot: 12 PM, Day: Wednesday
Course: Advanced Data Analytics, Room: Room 5, Teacher: Mr. A, Timeslot: 11 AM, Day: Wednesday
Course: Artificial Intelligence, Room: Room 3, Teacher: Mr. A, Timeslot: 12 PM, Day: Friday
Course: Artificial Intelligence, Room: Room 2, Teacher: Mr. A, Timeslot: 12 PM, Day: Friday
Course: Computational Logic, Room: Room 1, Teacher: Ms. B, Timeslot: 12 PM, Day: Wednesday
Course: Computational Logic, Room: Room 6, Teacher: Ms. B, Timeslot: 11 AM, Day: Monday
Course: Computer Science, Room: Room 2, Teacher: Mr. C, Timeslot: 9 AM, Day: Friday
Course: Computer Science, Room: Room 4, Teacher: Mr. C, Timeslot: 12 PM, Day: Thursday
Course: Cyber Security, Room: Room 2, Teacher: Mr. C, Timeslot: 2 PM, Day: Monday
Course: Cyber Security, Room: Room 7, Teacher: Mr. C, Timeslot: 2 PM, Day: Thursday
Course: Data Science, Room: Room 2, Teacher: Ms. D, Timeslot: 1 PM, Day: Monday
Course: Data Science, Room: Room 5, Teacher: Ms. D, Timeslot: 10 AM, Day: Thursday
Course: Data Mining & Machine Learning, Room: Room 5, Teacher: Ms. D, Timeslot: 1 PM, Day: Friday
Course: Data Mining & Machine Learning, Room: Room 4, Teacher: Ms. D, Timeslot: 1 PM, Day: Monday
Course: Big Data Analytics, Room: Room 2, Teacher: Mr. E, Timeslot: 3 PM, Day: Tuesday
Course: Big Data Analytics, Room: Room 4, Teacher: Mr. E, Timeslot: 11 AM, Day: Monday
Course: Heuristic Search, Room: Room 6, Teacher: Mr. E, Timeslot: 1 PM, Day: Wednesday
Course: Heuristic Search, Room: Room 7, Teacher: Mr. E, Timeslot: 1 PM, Day: Friday
Course: Computer Graphics, Room: Room 1, Teacher: Mr. F, Timeslot: 12 PM, Day: Thursday
Course: Computer Graphics, Room: Room 7, Teacher: Mr. F, Timeslot: 12 PM, Day: Wednesday
Course: Computer Networks, Room: Room 7, Teacher: Mr. F, Timeslot: 12 PM, Day: Friday
Course: Computer Networks, Room: Room 5, Teacher: Mr. F, Timeslot: 2 PM, Day: Monday
Course: Natural Language Processing, Room: Room 2, Teacher: Mr. G, Timeslot: 11 AM, Day: Thursday
Course: Natural Language Processing, Room: Room 1, Teacher: Mr. G, Timeslot: 1 PM, Day: Thursday
Course: Reinforcement Learning, Room: Room 2, Teacher: Mr. F, Timeslot: 12 PM, Day: Friday
Course: Reinforcement Learning, Room: Room 6, Teacher: Mr. F, Timeslot: 12 PM, Day: Tuesday
Course: Ethical Hacking, Room: Room 7, Teacher: Ms. H, Timeslot: 3 PM, Day: Thursday
Course: Ethical Hacking, Room: Room 7, Teacher: Ms. H, Timeslot: 4 PM, Day: Monday
Course: Compiler Design, Room: Room 7, Teacher: Mr. I, Timeslot: 3 PM, Day: Tuesday
Course: Compiler Design, Room: Room 7, Teacher: Mr. I, Timeslot: 2 PM, Day: Friday

Tabu Search - Final Results
Best Fitness: 93.01785714285714
Time Taken: 0.31 seconds
Best Timetable Configuration:
Course: Advanced Data Analytics, Room: Room 1, Teacher: Mr. A, Timeslot: 11 AM, Day: Monday
Course: Advanced Data Analytics, Room: Room 2, Teacher: Mr. A, Timeslot: 12 PM, Day: Wednesday
Course: Artificial Intelligence, Room: Room 1, Teacher: Mr. A, Timeslot: 10 AM, Day: Friday
Course: Artificial Intelligence, Room: Room 2, Teacher: Mr. A, Timeslot: 9 AM, Day: Friday
Course: Computational Logic, Room: Room 3, Teacher: Ms. B, Timeslot: 1 PM, Day: Tuesday
Course: Computational Logic, Room: Room 3, Teacher: Ms. B, Timeslot: 11 AM, Day: Thursday
Course: Computer Science, Room: Room 1, Teacher: Mr. C, Timeslot: 1 PM, Day: Monday
Course: Computer Science, Room: Room 1, Teacher: Mr. C, Timeslot: 12 PM, Day: Wednesday
Course: Cyber Security, Room: Room 1, Teacher: Mr. C, Timeslot: 2 PM, Day: Monday
Course: Cyber Security, Room: Room 1, Teacher: Mr. C, Timeslot: 12 PM, Day: Monday
Course: Data Science, Room: Room 2, Teacher: Ms. D, Timeslot: 1 PM, Day: Thursday
Course: Data Science, Room: Room 2, Teacher: Ms. D, Timeslot: 2 PM, Day: Tuesday
Course: Data Mining & Machine Learning, Room: Room 2, Teacher: Ms. D, Timeslot: 1 PM, Day: Thursday
Course: Data Mining & Machine Learning, Room: Room 2, Teacher: Ms. D, Timeslot: 2 PM, Day: Tuesday
Course: Big Data Analytics, Room: Room 2, Teacher: Mr. E, Timeslot: 1 PM, Day: Monday
Course: Big Data Analytics, Room: Room 4, Teacher: Mr. E, Timeslot: 11 AM, Day: Monday
Course: Heuristic Search, Room: Room 4, Teacher: Mr. E, Timeslot: 12 PM, Day: Friday
Course: Heuristic Search, Room: Room 4, Teacher: Mr. E, Timeslot: 3 PM, Day: Friday
Course: Computer Graphics, Room: Room 3, Teacher: Mr. F, Timeslot: 5 PM, Day: Thursday
Course: Computer Graphics, Room: Room 3, Teacher: Mr. F, Timeslot: 12 PM, Day: Monday
Course: Computer Networks, Room: Room 2, Teacher: Mr. F, Timeslot: 2 PM, Day: Thursday
Course: Computer Networks, Room: Room 2, Teacher: Mr. F, Timeslot: 12 PM, Day: Thursday
Course: Natural Language Processing, Room: Room 5, Teacher: Mr. G, Timeslot: 10 AM, Day: Friday
Course: Natural Language Processing, Room: Room 6, Teacher: Mr. G, Timeslot: 3 PM, Day: Tuesday
Course: Reinforcement Learning, Room: Room 3, Teacher: Mr. F, Timeslot: 9 AM, Day: Monday
Course: Reinforcement Learning, Room: Room 3, Teacher: Mr. F, Timeslot: 2 PM, Day: Monday
Course: Ethical Hacking, Room: Room 6, Teacher: Ms. H, Timeslot: 2 PM, Day: Friday
Course: Ethical Hacking, Room: Room 6, Teacher: Ms. H, Timeslot: 4 PM, Day: Wednesday
Course: Compiler Design, Room: Room 7, Teacher: Mr. I, Timeslot: 2 PM, Day: Thursday
Course: Compiler Design, Room: Room 7, Teacher: Mr. I, Timeslot: 9 AM, Day: Thursday

--- Best Algorithm ---
Best Algorithm: Genetic Algorithm
Best Fitness: 98.87499999999999
Time Taken: 1.36 seconds
Best Timetable Configuration:
Course: Advanced Data Analytics, Room: Room 6, Teacher: Mr. A, Timeslot: 10 AM, Day: Monday
Course: Advanced Data Analytics, Room: Room 7, Teacher: Mr. A, Timeslot: 10 AM, Day: Friday
Course: Artificial Intelligence, Room: Room 4, Teacher: Mr. A, Timeslot: 10 AM, Day: Friday
Course: Artificial Intelligence, Room: Room 4, Teacher: Mr. A, Timeslot: 9 AM, Day: Wednesday
Course: Computational Logic, Room: Room 3, Teacher: Ms. B, Timeslot: 12 PM, Day: Tuesday
Course: Computational Logic, Room: Room 6, Teacher: Ms. B, Timeslot: 12 PM, Day: Tuesday
Course: Computer Science, Room: Room 2, Teacher: Mr. C, Timeslot: 12 PM, Day: Wednesday
Course: Computer Science, Room: Room 6, Teacher: Mr. C, Timeslot: 2 PM, Day: Wednesday
Course: Cyber Security, Room: Room 7, Teacher: Mr. C, Timeslot: 2 PM, Day: Wednesday
Course: Cyber Security, Room: Room 5, Teacher: Mr. C, Timeslot: 1 PM, Day: Wednesday
Course: Data Science, Room: Room 1, Teacher: Ms. D, Timeslot: 1 PM, Day: Thursday
Course: Data Science, Room: Room 3, Teacher: Ms. D, Timeslot: 1 PM, Day: Tuesday
Course: Data Mining & Machine Learning, Room: Room 4, Teacher: Ms. D, Timeslot: 9 AM, Day: Thursday
Course: Data Mining & Machine Learning, Room: Room 5, Teacher: Ms. D, Timeslot: 2 PM, Day: Tuesday
Course: Big Data Analytics, Room: Room 7, Teacher: Mr. E, Timeslot: 11 AM, Day: Friday
Course: Big Data Analytics, Room: Room 6, Teacher: Mr. E, Timeslot: 11 AM, Day: Friday
Course: Heuristic Search, Room: Room 4, Teacher: Mr. E, Timeslot: 1 PM, Day: Friday
Course: Heuristic Search, Room: Room 7, Teacher: Mr. E, Timeslot: 11 AM, Day: Friday
Course: Computer Graphics, Room: Room 4, Teacher: Mr. F, Timeslot: 5 PM, Day: Monday
Course: Computer Graphics, Room: Room 4, Teacher: Mr. F, Timeslot: 2 PM, Day: Monday
Course: Computer Networks, Room: Room 6, Teacher: Mr. F, Timeslot: 9 AM, Day: Thursday
Course: Computer Networks, Room: Room 4, Teacher: Mr. F, Timeslot: 2 PM, Day: Thursday
Course: Natural Language Processing, Room: Room 5, Teacher: Mr. G, Timeslot: 1 PM, Day: Tuesday
Course: Natural Language Processing, Room: Room 3, Teacher: Mr. G, Timeslot: 3 PM, Day: Friday
Course: Reinforcement Learning, Room: Room 6, Teacher: Mr. F, Timeslot: 9 AM, Day: Thursday
Course: Reinforcement Learning, Room: Room 5, Teacher: Mr. F, Timeslot: 5 PM, Day: Thursday
Course: Ethical Hacking, Room: Room 7, Teacher: Ms. H, Timeslot: 4 PM, Day: Wednesday
Course: Ethical Hacking, Room: Room 7, Teacher: Ms. H, Timeslot: 10 AM, Day: Wednesday
Course: Compiler Design, Room: Room 4, Teacher: Mr. I, Timeslot: 4 PM, Day: Thursday
Course: Compiler Design, Room: Room 7, Teacher: Mr. I, Timeslot: 3 PM, Day: Monday
